This file contains any messages produced by compilers while
running configure, to aid debugging if configure makes a mistake.

It was created by tuxbox-neutrino configure 1.0.1, which was
generated by GNU Autoconf 2.67.  Invocation command line was

  $ ./configure --prefix=/home/tommy/OE/azboxhd/build/tmp/staging/mipsel-oe-linux/usr --build=i386-pc-linux-gnu --host=mipsel-oe-linux --with-target=cdk --with-targetprefix=  build_alias=i386-pc-linux-gnu host_alias=mipsel-oe-linux target_alias= CC=mipsel-oe-linux-gcc CFLAGS=-Wall -g0 -O2 	 -D__KERNEL_STRICT_NAMES -DAZBOX_GEN_1 	-I/home/tommy/OE/neutrino_test/include -I/home/tommy/OE/neutrino_test/include/linux/dvb -I/home/tommy/OE/azboxhd/build/tmp/staging/mipsel-oe-linux/usr/include/freetype2 	-I/home/tommy/OE/azboxhd/build/tmp/staging/mipsel-oe-linux/usr/include/gstreamer-0.10 -I/home/tommy/OE/azboxhd/build/tmp/staging/mipsel-oe-linux/usr/include/glib-2.0 -I/home/tommy/OE/azboxhd/build/tmp/staging/mipsel-oe-linux/usr/include/libxml2 LDFLAGS=-L/home/tommy/OE/azboxhd/build/tmp/staging/mipsel-oe-linux/usr/lib  -lcurl -lssl -lcrypto -ldl -L/home/tommy/OE/azboxhd/build/tmp/staging/mipsel-oe-linux/usr/lib/gstreamer-0.10 -lgstreamer-0.10 CXXFLAGS=-Wall -g0 -O2 	 -D__KERNEL_STRICT_NAMES -DAZBOX_GEN_1 	-I/home/tommy/OE/neutrino_test/include -I/home/tommy/OE/neutrino_test/include/linux/dvb -I/home/tommy/OE/azboxhd/build/tmp/staging/mipsel-oe-linux/usr/include/freetype2 	-I/home/tommy/OE/azboxhd/build/tmp/staging/mipsel-oe-linux/usr/include/gstreamer-0.10 -I/home/tommy/OE/azboxhd/build/tmp/staging/mipsel-oe-linux/usr/include/glib-2.0 -I/home/tommy/OE/azboxhd/build/tmp/staging/mipsel-oe-linux/usr/include/libxml2 --no-create --no-recursion

## --------- ##
## Platform. ##
## --------- ##

hostname = compile
uname -m = i686
uname -r = 2.6.32-5-686
uname -s = Linux
uname -v = #1 SMP Fri Sep 9 20:51:05 UTC 2011

/usr/bin/uname -p = unknown
/bin/uname -X     = unknown

/bin/arch              = unknown
/usr/bin/arch -k       = unknown
/usr/convex/getsysinfo = unknown
/usr/bin/hostinfo      = unknown
/bin/machine           = unknown
/usr/bin/oslevel       = unknown
/bin/universe          = unknown

PATH: /usr/local/bin
PATH: /usr/bin
PATH: /bin
PATH: /usr/local/games
PATH: /usr/games


## ----------- ##
## Core tests. ##
## ----------- ##

configure:2552: checking for a BSD-compatible install
configure:2620: result: /usr/bin/install -c
configure:2631: checking whether build environment is sane
configure:2681: result: yes
configure:2730: checking for mipsel-oe-linux-strip
configure:2760: result: no
configure:2770: checking for strip
configure:2786: found /usr/bin/strip
configure:2797: result: strip
configure:2809: WARNING: using cross tools not prefixed with host triplet
configure:2822: checking for a thread-safe mkdir -p
configure:2861: result: /bin/mkdir -p
configure:2874: checking for gawk
configure:2890: found /usr/bin/gawk
configure:2901: result: gawk
configure:2912: checking whether make sets $(MAKE)
configure:2934: result: yes
configure:3027: checking for style of include used by make
configure:3055: result: GNU
configure:3085: checking for mipsel-oe-linux-gcc
configure:3112: result: mipsel-oe-linux-gcc
configure:3381: checking for C compiler version
configure:3390: mipsel-oe-linux-gcc --version >&5
eval: 1: mipsel-oe-linux-gcc: not found
configure:3401: $? = 127
configure:3390: mipsel-oe-linux-gcc -v >&5
eval: 1: mipsel-oe-linux-gcc: not found
configure:3401: $? = 127
configure:3390: mipsel-oe-linux-gcc -V >&5
eval: 1: mipsel-oe-linux-gcc: not found
configure:3401: $? = 127
configure:3390: mipsel-oe-linux-gcc -qversion >&5
eval: 1: mipsel-oe-linux-gcc: not found
configure:3401: $? = 127
configure:3421: checking whether the C compiler works
configure:3443: mipsel-oe-linux-gcc -Wall -g0 -O2 	 -D__KERNEL_STRICT_NAMES -DAZBOX_GEN_1 	-I/home/tommy/OE/neutrino_test/include -I/home/tommy/OE/neutrino_test/include/linux/dvb -I/home/tommy/OE/azboxhd/build/tmp/staging/mipsel-oe-linux/usr/include/freetype2 	-I/home/tommy/OE/azboxhd/build/tmp/staging/mipsel-oe-linux/usr/include/gstreamer-0.10 -I/home/tommy/OE/azboxhd/build/tmp/staging/mipsel-oe-linux/usr/include/glib-2.0 -I/home/tommy/OE/azboxhd/build/tmp/staging/mipsel-oe-linux/usr/include/libxml2  -L/home/tommy/OE/azboxhd/build/tmp/staging/mipsel-oe-linux/usr/lib  -lcurl -lssl -lcrypto -ldl -L/home/tommy/OE/azboxhd/build/tmp/staging/mipsel-oe-linux/usr/lib/gstreamer-0.10 -lgstreamer-0.10 conftest.c  >&5
eval: 1: mipsel-oe-linux-gcc: not found
configure:3447: $? = 127
configure:3485: result: no
configure: failed program was:
| /* confdefs.h */
| #define PACKAGE_NAME "tuxbox-neutrino"
| #define PACKAGE_TARNAME "tuxbox-neutrino"
| #define PACKAGE_VERSION "1.0.1"
| #define PACKAGE_STRING "tuxbox-neutrino 1.0.1"
| #define PACKAGE_BUGREPORT ""
| #define PACKAGE_URL ""
| #define PACKAGE "tuxbox-neutrino"
| #define VERSION "1.0.1"
| /* end confdefs.h.  */
| 
| int
| main ()
| {
| 
|   ;
|   return 0;
| }
configure:3490: error: in `/home/azbox/NEUTRINO/neutrino':
configure:3493: error: C compiler cannot create executables
See `config.log' for more details

## ---------------- ##
## Cache variables. ##
## ---------------- ##

ac_cv_env_CCC_set=''
ac_cv_env_CCC_value=''
ac_cv_env_CC_set='set'
ac_cv_env_CC_value='mipsel-oe-linux-gcc'
ac_cv_env_CFLAGS_set='set'
ac_cv_env_CFLAGS_value='-Wall -g0 -O2 	 -D__KERNEL_STRICT_NAMES -DAZBOX_GEN_1 	-I/home/tommy/OE/neutrino_test/include -I/home/tommy/OE/neutrino_test/include/linux/dvb -I/home/tommy/OE/azboxhd/build/tmp/staging/mipsel-oe-linux/usr/include/freetype2 	-I/home/tommy/OE/azboxhd/build/tmp/staging/mipsel-oe-linux/usr/include/gstreamer-0.10 -I/home/tommy/OE/azboxhd/build/tmp/staging/mipsel-oe-linux/usr/include/glib-2.0 -I/home/tommy/OE/azboxhd/build/tmp/staging/mipsel-oe-linux/usr/include/libxml2'
ac_cv_env_CPPFLAGS_set=''
ac_cv_env_CPPFLAGS_value=''
ac_cv_env_CPP_set=''
ac_cv_env_CPP_value=''
ac_cv_env_CXXCPP_set=''
ac_cv_env_CXXCPP_value=''
ac_cv_env_CXXFLAGS_set='set'
ac_cv_env_CXXFLAGS_value='-Wall -g0 -O2 	 -D__KERNEL_STRICT_NAMES -DAZBOX_GEN_1 	-I/home/tommy/OE/neutrino_test/include -I/home/tommy/OE/neutrino_test/include/linux/dvb -I/home/tommy/OE/azboxhd/build/tmp/staging/mipsel-oe-linux/usr/include/freetype2 	-I/home/tommy/OE/azboxhd/build/tmp/staging/mipsel-oe-linux/usr/include/gstreamer-0.10 -I/home/tommy/OE/azboxhd/build/tmp/staging/mipsel-oe-linux/usr/include/glib-2.0 -I/home/tommy/OE/azboxhd/build/tmp/staging/mipsel-oe-linux/usr/include/libxml2'
ac_cv_env_CXX_set=''
ac_cv_env_CXX_value=''
ac_cv_env_LDFLAGS_set='set'
ac_cv_env_LDFLAGS_value='-L/home/tommy/OE/azboxhd/build/tmp/staging/mipsel-oe-linux/usr/lib  -lcurl -lssl -lcrypto -ldl -L/home/tommy/OE/azboxhd/build/tmp/staging/mipsel-oe-linux/usr/lib/gstreamer-0.10 -lgstreamer-0.10'
ac_cv_env_LIBS_set=''
ac_cv_env_LIBS_value=''
ac_cv_env_build_alias_set='set'
ac_cv_env_build_alias_value='i386-pc-linux-gnu'
ac_cv_env_host_alias_set='set'
ac_cv_env_host_alias_value='mipsel-oe-linux'
ac_cv_env_target_alias_set='set'
ac_cv_env_target_alias_value=''
ac_cv_path_install='/usr/bin/install -c'
ac_cv_path_mkdir='/bin/mkdir'
ac_cv_prog_AWK='gawk'
ac_cv_prog_CC='mipsel-oe-linux-gcc'
ac_cv_prog_ac_ct_STRIP='strip'
ac_cv_prog_make_make_set='yes'

## ----------------- ##
## Output variables. ##
## ----------------- ##

ACLOCAL='${SHELL} /home/azbox/NEUTRINO/neutrino/missing --run aclocal-1.11'
AMDEPBACKSLASH='\'
AMDEP_FALSE='#'
AMDEP_TRUE=''
AMTAR='${SHELL} /home/azbox/NEUTRINO/neutrino/missing --run tar'
AR=''
AUTOCONF='${SHELL} /home/azbox/NEUTRINO/neutrino/missing --run autoconf'
AUTOHEADER='${SHELL} /home/azbox/NEUTRINO/neutrino/missing --run autoheader'
AUTOMAKE='${SHELL} /home/azbox/NEUTRINO/neutrino/missing --run automake-1.11'
AVCODEC_CFLAGS=''
AVCODEC_LIBS=''
AVFORMAT_CFLAGS=''
AVFORMAT_LIBS=''
AVUTIL_CFLAGS=''
AVUTIL_LIBS=''
AWK='gawk'
CC='mipsel-oe-linux-gcc'
CCDEPMODE=''
CFLAGS='-Wall -g0 -O2 	 -D__KERNEL_STRICT_NAMES -DAZBOX_GEN_1 	-I/home/tommy/OE/neutrino_test/include -I/home/tommy/OE/neutrino_test/include/linux/dvb -I/home/tommy/OE/azboxhd/build/tmp/staging/mipsel-oe-linux/usr/include/freetype2 	-I/home/tommy/OE/azboxhd/build/tmp/staging/mipsel-oe-linux/usr/include/gstreamer-0.10 -I/home/tommy/OE/azboxhd/build/tmp/staging/mipsel-oe-linux/usr/include/glib-2.0 -I/home/tommy/OE/azboxhd/build/tmp/staging/mipsel-oe-linux/usr/include/libxml2'
CONFIGDIR=''
CPP=''
CPPFLAGS=''
CURL_CFLAGS=''
CURL_CONFIG=''
CURL_LIBS=''
CXX=''
CXXCPP=''
CXXDEPMODE=''
CXXFLAGS='-Wall -g0 -O2 	 -D__KERNEL_STRICT_NAMES -DAZBOX_GEN_1 	-I/home/tommy/OE/neutrino_test/include -I/home/tommy/OE/neutrino_test/include/linux/dvb -I/home/tommy/OE/azboxhd/build/tmp/staging/mipsel-oe-linux/usr/include/freetype2 	-I/home/tommy/OE/azboxhd/build/tmp/staging/mipsel-oe-linux/usr/include/gstreamer-0.10 -I/home/tommy/OE/azboxhd/build/tmp/staging/mipsel-oe-linux/usr/include/glib-2.0 -I/home/tommy/OE/azboxhd/build/tmp/staging/mipsel-oe-linux/usr/include/libxml2'
CYGPATH_W='echo'
DATADIR=''
DEFS=''
DEPDIR='.deps'
DSYMUTIL=''
DUMPBIN=''
ECHO_C=''
ECHO_N='-n'
ECHO_T=''
EGREP=''
EXEEXT=''
FGREP=''
FONTDIR=''
FREETYPE_CFLAGS=''
FREETYPE_CONFIG=''
FREETYPE_LIBS=''
GAMESDIR=''
GREP=''
ID3TAG_CFLAGS=''
ID3TAG_LIBS=''
INSTALL_DATA='${INSTALL} -m 644'
INSTALL_PROGRAM='${INSTALL}'
INSTALL_SCRIPT='${INSTALL}'
INSTALL_STRIP_PROGRAM='$(install_sh) -c -s'
LD=''
LDFLAGS='-L/home/tommy/OE/azboxhd/build/tmp/staging/mipsel-oe-linux/usr/lib  -lcurl -lssl -lcrypto -ldl -L/home/tommy/OE/azboxhd/build/tmp/staging/mipsel-oe-linux/usr/lib/gstreamer-0.10 -lgstreamer-0.10'
LIBCS_CFLAGS=''
LIBCS_LIBS=''
LIBDIR=''
LIBOBJS=''
LIBS=''
LIBTOOL=''
LIPO=''
LN_S=''
LTLIBOBJS=''
MAD_CFLAGS=''
MAD_LIBS=''
MAINT=''
MAINTAINER_MODE_FALSE=''
MAINTAINER_MODE_TRUE=''
MAKEINFO='${SHELL} /home/azbox/NEUTRINO/neutrino/missing --run makeinfo'
MKDIR_P='/bin/mkdir -p'
NM=''
NMEDIT=''
OBJDUMP=''
OBJEXT=''
OPENSSL_CFLAGS=''
OPENSSL_LIBS=''
OTOOL64=''
OTOOL=''
PACKAGE='tuxbox-neutrino'
PACKAGE_BUGREPORT=''
PACKAGE_NAME='tuxbox-neutrino'
PACKAGE_STRING='tuxbox-neutrino 1.0.1'
PACKAGE_TARNAME='tuxbox-neutrino'
PACKAGE_URL=''
PACKAGE_VERSION='1.0.1'
PATH_SEPARATOR=':'
PKG_CONFIG=''
PLUGINDIR=''
PNG_CFLAGS=''
PNG_LIBS=''
RANLIB=''
SED=''
SET_MAKE=''
SHELL='/bin/sh'
STRIP='strip'
TARGET_CONFIGDIR=''
TARGET_DATADIR=''
TARGET_FONTDIR=''
TARGET_GAMESDIR=''
TARGET_LIBDIR=''
TARGET_PLUGINDIR=''
TARGET_THEMESDIR=''
TARGET_UCODEDIR=''
THEMESDIR=''
UCODEDIR=''
VERSION='1.0.1'
VORBISIDEC_CFLAGS=''
VORBISIDEC_LIBS=''
ac_ct_CC=''
ac_ct_CXX=''
ac_ct_DUMPBIN=''
am__EXEEXT_FALSE=''
am__EXEEXT_TRUE=''
am__fastdepCC_FALSE=''
am__fastdepCC_TRUE=''
am__fastdepCXX_FALSE=''
am__fastdepCXX_TRUE=''
am__include='include'
am__isrc=''
am__leading_dot='.'
am__quote=''
am__tar='${AMTAR} chof - "$$tardir"'
am__untar='${AMTAR} xf -'
bindir='${exec_prefix}/bin'
build='i386-pc-linux-gnu'
build_alias='i386-pc-linux-gnu'
build_cpu=''
build_os=''
build_vendor=''
datadir='${datarootdir}'
datarootdir='${prefix}/share'
docdir='${datarootdir}/doc/${PACKAGE_TARNAME}'
dvidir='${docdir}'
exec_prefix='NONE'
host='mipsel-oe-linux'
host_alias='mipsel-oe-linux'
host_cpu=''
host_os=''
host_vendor=''
htmldir='${docdir}'
includedir='${prefix}/include'
infodir='${datarootdir}/info'
install_sh='${SHELL} /home/azbox/NEUTRINO/neutrino/install-sh'
libdir='${exec_prefix}/lib'
libexecdir='${exec_prefix}/libexec'
localedir='${datarootdir}/locale'
localstatedir='${prefix}/var'
lt_ECHO='/bin/echo'
mandir='${datarootdir}/man'
mkdir_p='/bin/mkdir -p'
oldincludedir='/usr/include'
pdfdir='${docdir}'
prefix='/home/tommy/OE/azboxhd/build/tmp/staging/mipsel-oe-linux/usr'
program_transform_name='s,x,x,'
psdir='${docdir}'
sbindir='${exec_prefix}/sbin'
sharedstatedir='${prefix}/com'
sysconfdir='${prefix}/etc'
target_alias=''

## ----------- ##
## confdefs.h. ##
## ----------- ##

/* confdefs.h */
#define PACKAGE_NAME "tuxbox-neutrino"
#define PACKAGE_TARNAME "tuxbox-neutrino"
#define PACKAGE_VERSION "1.0.1"
#define PACKAGE_STRING "tuxbox-neutrino 1.0.1"
#define PACKAGE_BUGREPORT ""
#define PACKAGE_URL ""
#define PACKAGE "tuxbox-neutrino"
#define VERSION "1.0.1"

configure: exit 77
